{"level":"\u001b[32minfo\u001b[39m","message":"{\"method\":\"GET\",\"url\":\"/api/v1/getAllBooks/66cabe1ecbba7803cbdfde82\",\"status\":\"200\",\"responseTime\":\"8.612\"}","timestamp":"2024-09-05T11:27:07.647Z"}
{"level":"\u001b[32minfo\u001b[39m","message":"{\"method\":\"GET\",\"url\":\"/api/v1/getAllBooks/66cabe1ecbba7803cbdfde82\",\"status\":\"200\",\"responseTime\":\"29.712\"}","timestamp":"2024-09-05T11:28:10.605Z"}
{"level":"\u001b[32minfo\u001b[39m","message":"{\"method\":\"GET\",\"url\":\"/api/v1/getAllBooks/66cabe1ecbba7803cbdfde82\",\"status\":\"200\",\"responseTime\":\"28.247\"}","timestamp":"2024-09-05T11:28:48.475Z"}
{"level":"\u001b[32minfo\u001b[39m","message":"{\"method\":\"GET\",\"url\":\"/api/v1/getAllBooks/66cabe1ecbba7803cbdfde82\",\"status\":\"200\",\"responseTime\":\"38.332\"}","timestamp":"2024-09-05T11:30:06.015Z"}
{"level":"\u001b[32minfo\u001b[39m","message":"{\"method\":\"GET\",\"url\":\"/api/v1/getAllBooks/66cabe1ecbba7803cbdfde82\",\"status\":\"200\",\"responseTime\":\"36.025\"}","timestamp":"2024-09-05T11:30:30.597Z"}
{"level":"\u001b[32minfo\u001b[39m","message":"{\"method\":\"GET\",\"url\":\"/api/v1/getAllBooks/66cabe1ecbba7803cbdfde82\",\"status\":\"200\",\"responseTime\":\"31.587\"}","timestamp":"2024-09-05T11:33:00.022Z"}
{"level":"\u001b[32minfo\u001b[39m","message":"{\"method\":\"GET\",\"url\":\"/api/v1/getAllBooks/66cabe1ecbba7803cbdfde82\",\"status\":\"200\",\"responseTime\":\"36.981\"}","timestamp":"2024-09-05T11:33:35.211Z"}
{"level":"\u001b[32minfo\u001b[39m","message":"{\"method\":\"GET\",\"url\":\"/api/v1/getAllBooks/66cabe1ecbba7803cbdfde82\",\"status\":\"200\",\"responseTime\":\"35.360\"}","timestamp":"2024-09-05T11:34:24.088Z"}
{"level":"\u001b[32minfo\u001b[39m","message":"{\"method\":\"POST\",\"url\":\"/api/v1/createBooks/66cabe1ecbba7803cbdfde82\",\"status\":\"200\",\"responseTime\":\"22.083\"}","timestamp":"2024-09-05T11:35:26.543Z"}
{"level":"\u001b[32minfo\u001b[39m","message":"{\"method\":\"GET\",\"url\":\"/api/v1/getAllBooks/66cabe1ecbba7803cbdfde82\",\"status\":\"200\",\"responseTime\":\"17.297\"}","timestamp":"2024-09-05T11:35:39.599Z"}
{"level":"\u001b[32minfo\u001b[39m","message":"{\"method\":\"GET\",\"url\":\"/api/v1/getAllBooks/66cabe1ecbba7803cbdfde82\",\"status\":\"200\",\"responseTime\":\"32.838\"}","timestamp":"2024-09-05T11:36:47.822Z"}
{"level":"\u001b[32minfo\u001b[39m","message":"{\"method\":\"POST\",\"url\":\"/api/v1/bookstatus/create/66cabe1ecbba7803cbdfde82\",\"status\":\"200\",\"responseTime\":\"21.799\"}","timestamp":"2024-09-05T11:38:44.451Z"}
{"level":"\u001b[32minfo\u001b[39m","message":"{\"method\":\"POST\",\"url\":\"/api/v1/addIssuebooks/66cabe1ecbba7803cbdfde82\",\"status\":\"200\",\"responseTime\":\"21.941\"}","timestamp":"2024-09-05T11:48:41.004Z"}
{"level":"\u001b[32minfo\u001b[39m","message":"{\"method\":\"POST\",\"url\":\"/api/v1/addIssuebooks/66cabe1ecbba7803cbdfde82\",\"status\":\"200\",\"responseTime\":\"23.729\"}","timestamp":"2024-09-05T11:53:54.889Z"}
{"level":"\u001b[32minfo\u001b[39m","message":"{\"method\":\"POST\",\"url\":\"/api/v1/addIssuebooks/66cabe1ecbba7803cbdfde82\",\"status\":\"200\",\"responseTime\":\"21.771\"}","timestamp":"2024-09-05T12:10:29.157Z"}
{"level":"\u001b[32minfo\u001b[39m","message":"{\"method\":\"POST\",\"url\":\"/api/v1/addIssuebooks/66cabe1ecbba7803cbdfde82\",\"status\":\"200\",\"responseTime\":\"20.578\"}","timestamp":"2024-09-05T12:10:50.114Z"}
{"level":"\u001b[32minfo\u001b[39m","message":"{\"method\":\"POST\",\"url\":\"/api/v1/addIssuebooks/66cabe1ecbba7803cbdfde82\",\"status\":\"200\",\"responseTime\":\"23.191\"}","timestamp":"2024-09-05T12:11:24.873Z"}
{"level":"\u001b[32minfo\u001b[39m","message":"{\"method\":\"POST\",\"url\":\"/api/v1/createBooks/66cabe1ecbba7803cbdfde82\",\"status\":\"200\",\"responseTime\":\"17.997\"}","timestamp":"2024-09-05T12:12:24.323Z"}
{"level":"\u001b[32minfo\u001b[39m","message":"{\"method\":\"POST\",\"url\":\"/api/v1/addIssuebooks/66cabe1ecbba7803cbdfde82\",\"status\":\"200\",\"responseTime\":\"12.821\"}","timestamp":"2024-09-05T12:12:42.153Z"}
{"level":"\u001b[32minfo\u001b[39m","message":"{\"method\":\"POST\",\"url\":\"/api/v1/addIssuebooks/66cabe1ecbba7803cbdfde82\",\"status\":\"200\",\"responseTime\":\"5.741\"}","timestamp":"2024-09-05T12:13:00.840Z"}
{"level":"\u001b[32minfo\u001b[39m","message":"{\"method\":\"POST\",\"url\":\"/api/v1/addIssuebooks/66cabe1ecbba7803cbdfde82\",\"status\":\"200\",\"responseTime\":\"21.101\"}","timestamp":"2024-09-05T12:13:31.794Z"}
{"level":"\u001b[32minfo\u001b[39m","message":"{\"method\":\"POST\",\"url\":\"/api/v1/addIssuebooks/66cabe1ecbba7803cbdfde82\",\"status\":\"200\",\"responseTime\":\"24.916\"}","timestamp":"2024-09-05T12:14:05.726Z"}
{"level":"\u001b[32minfo\u001b[39m","message":"{\"method\":\"POST\",\"url\":\"/api/v1/addIssuebooks/66cabe1ecbba7803cbdfde82\",\"status\":\"200\",\"responseTime\":\"29.163\"}","timestamp":"2024-09-05T12:15:02.006Z"}
{"level":"\u001b[32minfo\u001b[39m","message":"{\"method\":\"POST\",\"url\":\"/api/v1/addIssuebooks/66cabe1ecbba7803cbdfde82\",\"status\":\"200\",\"responseTime\":\"22.337\"}","timestamp":"2024-09-05T12:15:31.847Z"}
{"level":"\u001b[32minfo\u001b[39m","message":"{\"method\":\"POST\",\"url\":\"/api/v1/addIssuebooks/66cabe1ecbba7803cbdfde82\",\"status\":\"200\",\"responseTime\":\"23.765\"}","timestamp":"2024-09-05T12:15:59.750Z"}
{"level":"\u001b[32minfo\u001b[39m","message":"{\"method\":\"POST\",\"url\":\"/api/v1/addIssuebooks/66cabe1ecbba7803cbdfde82\",\"status\":\"200\",\"responseTime\":\"18.433\"}","timestamp":"2024-09-05T12:16:40.916Z"}
{"level":"\u001b[32minfo\u001b[39m","message":"{\"method\":\"POST\",\"url\":\"/api/v1/addIssuebooks/66cabe1ecbba7803cbdfde82\",\"status\":\"200\",\"responseTime\":\"23.434\"}","timestamp":"2024-09-05T12:17:24.109Z"}
{"level":"\u001b[32minfo\u001b[39m","message":"{\"method\":\"POST\",\"url\":\"/api/v1/addIssuebooks/66cabe1ecbba7803cbdfde82\",\"status\":\"200\",\"responseTime\":\"15.469\"}","timestamp":"2024-09-05T12:17:34.623Z"}
{"level":"\u001b[32minfo\u001b[39m","message":"{\"method\":\"POST\",\"url\":\"/api/v1/addIssuebooks/66cabe1ecbba7803cbdfde82\",\"status\":\"200\",\"responseTime\":\"22.625\"}","timestamp":"2024-09-05T12:22:04.743Z"}
{"level":"\u001b[32minfo\u001b[39m","message":"{\"method\":\"POST\",\"url\":\"/api/v1/addIssuebooks/66cabe1ecbba7803cbdfde82\",\"status\":\"200\",\"responseTime\":\"26.379\"}","timestamp":"2024-09-05T12:24:30.473Z"}
{"level":"\u001b[32minfo\u001b[39m","message":"{\"method\":\"POST\",\"url\":\"/api/v1/addIssuebooks/66cabe1ecbba7803cbdfde82\",\"status\":\"200\",\"responseTime\":\"24.831\"}","timestamp":"2024-09-05T12:24:45.017Z"}
{"level":"\u001b[32minfo\u001b[39m","message":"{\"method\":\"POST\",\"url\":\"/api/v1/addIssuebooks/66cabe1ecbba7803cbdfde82\",\"status\":\"200\",\"responseTime\":\"22.946\"}","timestamp":"2024-09-05T12:25:03.964Z"}
{"level":"\u001b[32minfo\u001b[39m","message":"{\"method\":\"POST\",\"url\":\"/api/v1/addIssuebooks/66cabe1ecbba7803cbdfde82\",\"status\":\"200\",\"responseTime\":\"22.281\"}","timestamp":"2024-09-05T12:26:20.378Z"}
{"level":"\u001b[32minfo\u001b[39m","message":"{\"method\":\"POST\",\"url\":\"/api/v1/addIssuebooks/66cabe1ecbba7803cbdfde82\",\"status\":\"200\",\"responseTime\":\"25.507\"}","timestamp":"2024-09-05T12:28:47.491Z"}
{"level":"\u001b[32minfo\u001b[39m","message":"{\"method\":\"POST\",\"url\":\"/api/v1/addIssuebooks/66cabe1ecbba7803cbdfde82\",\"status\":\"200\",\"responseTime\":\"26.529\"}","timestamp":"2024-09-05T12:29:10.453Z"}
{"level":"\u001b[32minfo\u001b[39m","message":"{\"method\":\"POST\",\"url\":\"/api/v1/addIssuebooks/66cabe1ecbba7803cbdfde82\",\"status\":\"200\",\"responseTime\":\"23.620\"}","timestamp":"2024-09-05T12:29:37.791Z"}
{"level":"\u001b[32minfo\u001b[39m","message":"{\"method\":\"POST\",\"url\":\"/api/v1/addIssuebooks/66cabe1ecbba7803cbdfde82\",\"status\":\"200\",\"responseTime\":\"27.893\"}","timestamp":"2024-09-05T12:30:15.836Z"}
{"level":"\u001b[32minfo\u001b[39m","message":"{\"method\":\"POST\",\"url\":\"/api/v1/addIssuebooks/66cabe1ecbba7803cbdfde82\",\"status\":\"200\",\"responseTime\":\"34.592\"}","timestamp":"2024-09-05T12:36:01.588Z"}
{"level":"\u001b[32minfo\u001b[39m","message":"{\"method\":\"POST\",\"url\":\"/api/v1/addIssuebooks/66cabe1ecbba7803cbdfde82\",\"status\":\"200\",\"responseTime\":\"24.969\"}","timestamp":"2024-09-05T12:40:30.443Z"}
{"level":"\u001b[32minfo\u001b[39m","message":"{\"method\":\"POST\",\"url\":\"/api/v1/addIssuebooks/66cabe1ecbba7803cbdfde82\",\"status\":\"200\",\"responseTime\":\"24.447\"}","timestamp":"2024-09-05T12:43:23.065Z"}
{"level":"\u001b[32minfo\u001b[39m","message":"{\"method\":\"POST\",\"url\":\"/api/v1/addIssuebooks/66cabe1ecbba7803cbdfde82\",\"status\":\"200\",\"responseTime\":\"35.752\"}","timestamp":"2024-09-05T12:44:47.501Z"}
{"level":"\u001b[32minfo\u001b[39m","message":"{\"method\":\"POST\",\"url\":\"/api/v1/returnBooks/66cabe1ecbba7803cbdfde82\",\"status\":\"-\",\"responseTime\":\"-\"}","timestamp":"2024-09-08T09:58:03.492Z"}
{"level":"\u001b[32minfo\u001b[39m","message":"{\"method\":\"POST\",\"url\":\"/api/v1/returnBooks/66cabe1ecbba7803cbdfde82\",\"status\":\"-\",\"responseTime\":\"-\"}","timestamp":"2024-09-08T10:00:30.366Z"}
{"level":"\u001b[32minfo\u001b[39m","message":"{\"method\":\"POST\",\"url\":\"/api/v1/returnBooks/66cabe1ecbba7803cbdfde82\",\"status\":\"-\",\"responseTime\":\"-\"}","timestamp":"2024-09-08T10:03:52.929Z"}
{"level":"\u001b[32minfo\u001b[39m","message":"{\"method\":\"POST\",\"url\":\"/api/v1/returnBooks/66cabe1ecbba7803cbdfde82\",\"status\":\"200\",\"responseTime\":\"23.766\"}","timestamp":"2024-09-08T10:50:38.025Z"}
{"level":"\u001b[32minfo\u001b[39m","message":"{\"method\":\"POST\",\"url\":\"/api/v1/returnBooks/66cabe1ecbba7803cbdfde82\",\"status\":\"200\",\"responseTime\":\"20.505\"}","timestamp":"2024-09-08T10:50:48.854Z"}
{"level":"\u001b[32minfo\u001b[39m","message":"{\"method\":\"POST\",\"url\":\"/api/v1/returnBooks/66cabe1ecbba7803cbdfde82\",\"status\":\"200\",\"responseTime\":\"26.598\"}","timestamp":"2024-09-08T10:52:29.268Z"}
{"level":"\u001b[32minfo\u001b[39m","message":"{\"method\":\"POST\",\"url\":\"/api/v1/returnBooks/66cabe1ecbba7803cbdfde82\",\"status\":\"200\",\"responseTime\":\"20.817\"}","timestamp":"2024-09-08T10:52:47.280Z"}
{"level":"\u001b[32minfo\u001b[39m","message":"{\"method\":\"POST\",\"url\":\"/api/v1/returnBooks/66cabe1ecbba7803cbdfde82\",\"status\":\"200\",\"responseTime\":\"25.986\"}","timestamp":"2024-09-08T10:52:58.862Z"}
{"level":"\u001b[32minfo\u001b[39m","message":"{\"method\":\"POST\",\"url\":\"/api/v1/returnBooks/66cabe1ecbba7803cbdfde82\",\"status\":\"200\",\"responseTime\":\"20.148\"}","timestamp":"2024-09-08T10:55:10.858Z"}
{"level":"\u001b[32minfo\u001b[39m","message":"{\"method\":\"POST\",\"url\":\"/api/v1/returnBooks/66cabe1ecbba7803cbdfde82\",\"status\":\"200\",\"responseTime\":\"20.179\"}","timestamp":"2024-09-08T10:56:16.848Z"}
{"level":"\u001b[32minfo\u001b[39m","message":"{\"method\":\"POST\",\"url\":\"/api/v1/returnBooks/66cabe1ecbba7803cbdfde82\",\"status\":\"200\",\"responseTime\":\"24.648\"}","timestamp":"2024-09-08T10:58:16.373Z"}
{"level":"\u001b[32minfo\u001b[39m","message":"{\"method\":\"POST\",\"url\":\"/api/v1/returnBooks/66cabe1ecbba7803cbdfde82\",\"status\":\"200\",\"responseTime\":\"26.446\"}","timestamp":"2024-09-08T10:58:36.040Z"}
{"level":"\u001b[32minfo\u001b[39m","message":"{\"method\":\"POST\",\"url\":\"/api/v1/returnBooks/66cabe1ecbba7803cbdfde82\",\"status\":\"200\",\"responseTime\":\"17.903\"}","timestamp":"2024-09-08T11:00:24.114Z"}
{"level":"\u001b[32minfo\u001b[39m","message":"{\"method\":\"POST\",\"url\":\"/api/v1/returnBooks/66cabe1ecbba7803cbdfde82\",\"status\":\"290\",\"responseTime\":\"18.550\"}","timestamp":"2024-09-08T11:15:18.513Z"}
{"level":"\u001b[32minfo\u001b[39m","message":"{\"method\":\"POST\",\"url\":\"/api/v1/returnBooks/66cabe1ecbba7803cbdfde82\",\"status\":\"200\",\"responseTime\":\"26.236\"}","timestamp":"2024-09-08T11:15:32.507Z"}
{"level":"\u001b[32minfo\u001b[39m","message":"{\"method\":\"POST\",\"url\":\"/api/v1/returnBooks/66cabe1ecbba7803cbdfde82\",\"status\":\"200\",\"responseTime\":\"18.667\"}","timestamp":"2024-09-08T12:07:09.587Z"}
{"level":"\u001b[32minfo\u001b[39m","message":"{\"method\":\"POST\",\"url\":\"/api/v1/returnBooks/66cabe1ecbba7803cbdfde82\",\"status\":\"200\",\"responseTime\":\"28.015\"}","timestamp":"2024-09-08T12:09:57.435Z"}
{"level":"\u001b[32minfo\u001b[39m","message":"{\"method\":\"POST\",\"url\":\"/api/v1/returnBooks/66cabe1ecbba7803cbdfde82\",\"status\":\"200\",\"responseTime\":\"28.410\"}","timestamp":"2024-09-08T12:11:51.174Z"}
{"level":"\u001b[32minfo\u001b[39m","message":"{\"method\":\"POST\",\"url\":\"/api/v1/returnBooks/66cabe1ecbba7803cbdfde82\",\"status\":\"200\",\"responseTime\":\"22.957\"}","timestamp":"2024-09-08T12:14:37.877Z"}
{"level":"\u001b[32minfo\u001b[39m","message":"{\"method\":\"POST\",\"url\":\"/api/v1/returnBooks/66cabe1ecbba7803cbdfde82\",\"status\":\"200\",\"responseTime\":\"23.721\"}","timestamp":"2024-09-08T12:15:47.541Z"}
{"level":"\u001b[32minfo\u001b[39m","message":"{\"method\":\"POST\",\"url\":\"/api/v1/returnBooks/66cabe1ecbba7803cbdfde82\",\"status\":\"200\",\"responseTime\":\"27.707\"}","timestamp":"2024-09-08T12:16:27.162Z"}
